<?xml version="1.0" encoding="UTF-8"?>
<!-- Generated by org.testng.reporters.JUnitReportReporter -->
<testsuite hostname="Megatron" name="WalmartRunTest" tests="1" failures="0" timestamp="25 Nov 2015 05:33:25 GMT" time="93.511" errors="0">
  <testcase name="testRunner" time="93.511" classname="WalmartRunTest"/>
</testsuite> <!-- WalmartRunTest -->
