<?xml version="1.0" encoding="UTF-8"?>
<!-- Generated by org.testng.reporters.JUnitReportReporter -->
<testsuite hostname="Megatron" name="WalmartRunTest" tests="1" failures="0" timestamp="25 Nov 2015 18:28:20 GMT" time="68.308" errors="0">
  <testcase name="testRunner" time="68.308" classname="WalmartRunTest"/>
</testsuite> <!-- WalmartRunTest -->
